<?xml version="1.0" encoding="UTF-8"?>
<testsuites>
  <testsuite name="Tests\Feature\Notifications\NotificationRoutingTest" file="D:\Documents\Dadisi\dadisi_app\backend\tests\Feature\Notifications\NotificationRoutingTest.php" tests="6" assertions="7" errors="0" failures="0" skipped="0" time="45.624753">
    <testcase name="test_event_registration_confirmation_is_routed_to_user" file="D:\Documents\Dadisi\dadisi_app\backend\tests\Feature\Notifications\NotificationRoutingTest.php" line="40" class="Tests\Feature\Notifications\NotificationRoutingTest" classname="Tests.Feature.Notifications.NotificationRoutingTest" assertions="1" time="23.165334"/>
    <testcase name="test_donation_received_is_routed_to_donor" file="D:\Documents\Dadisi\dadisi_app\backend\tests\Feature\Notifications\NotificationRoutingTest.php" line="63" class="Tests\Feature\Notifications\NotificationRoutingTest" classname="Tests.Feature.Notifications.NotificationRoutingTest" assertions="1" time="4.460167"/>
    <testcase name="test_subscription_activated_is_routed_to_subscriber" file="D:\Documents\Dadisi\dadisi_app\backend\tests\Feature\Notifications\NotificationRoutingTest.php" line="106" class="Tests\Feature\Notifications\NotificationRoutingTest" classname="Tests.Feature.Notifications.NotificationRoutingTest" assertions="1" time="5.347534"/>
    <testcase name="test_refund_processed_is_routed_to_payer" file="D:\Documents\Dadisi\dadisi_app\backend\tests\Feature\Notifications\NotificationRoutingTest.php" line="161" class="Tests\Feature\Notifications\NotificationRoutingTest" classname="Tests.Feature.Notifications.NotificationRoutingTest" assertions="1" time="5.192068"/>
    <testcase name="test_student_approval_submitted_is_routed_to_relevant_staff" file="D:\Documents\Dadisi\dadisi_app\backend\tests\Feature\Notifications\NotificationRoutingTest.php" line="206" class="Tests\Feature\Notifications\NotificationRoutingTest" classname="Tests.Feature.Notifications.NotificationRoutingTest" assertions="2" time="4.034633"/>
    <testcase name="test_guest_donation_received_is_routed_to_email" file="D:\Documents\Dadisi\dadisi_app\backend\tests\Feature\Notifications\NotificationRoutingTest.php" line="245" class="Tests\Feature\Notifications\NotificationRoutingTest" classname="Tests.Feature.Notifications.NotificationRoutingTest" assertions="1" time="3.425018"/>
  </testsuite>
</testsuites>
